<?xml version="1.0" encoding="UTF-8"?>
<testsuite xmlns:xsi="http://www.w3.org/2001/XMLSchema-instance" xsi:noNamespaceSchemaLocation="https://maven.apache.org/surefire/maven-surefire-plugin/xsd/surefire-test-report.xsd" name="com.food.ordering.system.order.service.domain.OrderApplicationServiceTest" time="7.17" tests="4" errors="0" skipped="0" failures="0">
  <properties>
    <property name="java.specification.version" value="17"/>
    <property name="sun.cpu.isalist" value="amd64"/>
    <property name="sun.jnu.encoding" value="Cp1252"/>
    <property name="java.class.path" value="C:\udemy\MicroSrv-Kafka-SAGA\Sources\food-ordering-system-a\order-service\order-domain\order-application-service\target\test-classes;C:\udemy\MicroSrv-Kafka-SAGA\Sources\food-ordering-system-a\order-service\order-domain\order-application-service\target\classes;C:\udemy\MicroSrv-Kafka-SAGA\Sources\food-ordering-system-a\order-service\order-domain\order-domain-core\target\order-domain-core-1.0-SNAPSHOT.jar;C:\udemy\MicroSrv-Kafka-SAGA\Sources\food-ordering-system-a\common\common-domain\target\common-domain-1.0-SNAPSHOT.jar;C:\Users\Frank\.m2\repository\org\springframework\boot\spring-boot-starter-validation\2.6.3\spring-boot-starter-validation-2.6.3.jar;C:\Users\Frank\.m2\repository\org\springframework\boot\spring-boot-starter\2.6.3\spring-boot-starter-2.6.3.jar;C:\Users\Frank\.m2\repository\org\springframework\boot\spring-boot\2.6.3\spring-boot-2.6.3.jar;C:\Users\Frank\.m2\repository\org\springframework\spring-context\5.3.15\spring-context-5.3.15.jar;C:\Users\Frank\.m2\repository\org\springframework\spring-aop\5.3.15\spring-aop-5.3.15.jar;C:\Users\Frank\.m2\repository\org\springframework\spring-expression\5.3.15\spring-expression-5.3.15.jar;C:\Users\Frank\.m2\repository\org\springframework\boot\spring-boot-autoconfigure\2.6.3\spring-boot-autoconfigure-2.6.3.jar;C:\Users\Frank\.m2\repository\jakarta\annotation\jakarta.annotation-api\1.3.5\jakarta.annotation-api-1.3.5.jar;C:\Users\Frank\.m2\repository\org\yaml\snakeyaml\1.29\snakeyaml-1.29.jar;C:\Users\Frank\.m2\repository\org\apache\tomcat\embed\tomcat-embed-el\9.0.56\tomcat-embed-el-9.0.56.jar;C:\Users\Frank\.m2\repository\org\hibernate\validator\hibernate-validator\6.2.0.Final\hibernate-validator-6.2.0.Final.jar;C:\Users\Frank\.m2\repository\jakarta\validation\jakarta.validation-api\2.0.2\jakarta.validation-api-2.0.2.jar;C:\Users\Frank\.m2\repository\org\jboss\logging\jboss-logging\3.4.3.Final\jboss-logging-3.4.3.Final.jar;C:\Users\Frank\.m2\repository\com\fasterxml\classmate\1.5.1\classmate-1.5.1.jar;C:\Users\Frank\.m2\repository\org\springframework\spring-tx\5.3.15\spring-tx-5.3.15.jar;C:\Users\Frank\.m2\repository\org\springframework\spring-beans\5.3.15\spring-beans-5.3.15.jar;C:\Users\Frank\.m2\repository\org\springframework\spring-core\5.3.15\spring-core-5.3.15.jar;C:\Users\Frank\.m2\repository\org\springframework\spring-jcl\5.3.15\spring-jcl-5.3.15.jar;C:\Users\Frank\.m2\repository\org\mockito\mockito-core\4.3.1\mockito-core-4.3.1.jar;C:\Users\Frank\.m2\repository\net\bytebuddy\byte-buddy\1.11.22\byte-buddy-1.11.22.jar;C:\Users\Frank\.m2\repository\net\bytebuddy\byte-buddy-agent\1.11.22\byte-buddy-agent-1.11.22.jar;C:\Users\Frank\.m2\repository\org\objenesis\objenesis\3.2\objenesis-3.2.jar;C:\Users\Frank\.m2\repository\org\springframework\boot\spring-boot-starter-test\2.6.3\spring-boot-starter-test-2.6.3.jar;C:\Users\Frank\.m2\repository\org\springframework\boot\spring-boot-test\2.6.3\spring-boot-test-2.6.3.jar;C:\Users\Frank\.m2\repository\org\springframework\boot\spring-boot-test-autoconfigure\2.6.3\spring-boot-test-autoconfigure-2.6.3.jar;C:\Users\Frank\.m2\repository\com\jayway\jsonpath\json-path\2.6.0\json-path-2.6.0.jar;C:\Users\Frank\.m2\repository\net\minidev\json-smart\2.4.7\json-smart-2.4.7.jar;C:\Users\Frank\.m2\repository\net\minidev\accessors-smart\2.4.7\accessors-smart-2.4.7.jar;C:\Users\Frank\.m2\repository\org\ow2\asm\asm\9.1\asm-9.1.jar;C:\Users\Frank\.m2\repository\org\slf4j\slf4j-api\1.7.33\slf4j-api-1.7.33.jar;C:\Users\Frank\.m2\repository\jakarta\xml\bind\jakarta.xml.bind-api\2.3.3\jakarta.xml.bind-api-2.3.3.jar;C:\Users\Frank\.m2\repository\jakarta\activation\jakarta.activation-api\1.2.2\jakarta.activation-api-1.2.2.jar;C:\Users\Frank\.m2\repository\org\assertj\assertj-core\3.21.0\assertj-core-3.21.0.jar;C:\Users\Frank\.m2\repository\org\hamcrest\hamcrest\2.2\hamcrest-2.2.jar;C:\Users\Frank\.m2\repository\org\junit\jupiter\junit-jupiter\5.8.2\junit-jupiter-5.8.2.jar;C:\Users\Frank\.m2\repository\org\junit\jupiter\junit-jupiter-api\5.8.2\junit-jupiter-api-5.8.2.jar;C:\Users\Frank\.m2\repository\org\opentest4j\opentest4j\1.2.0\opentest4j-1.2.0.jar;C:\Users\Frank\.m2\repository\org\junit\platform\junit-platform-commons\1.8.2\junit-platform-commons-1.8.2.jar;C:\Users\Frank\.m2\repository\org\apiguardian\apiguardian-api\1.1.2\apiguardian-api-1.1.2.jar;C:\Users\Frank\.m2\repository\org\junit\jupiter\junit-jupiter-params\5.8.2\junit-jupiter-params-5.8.2.jar;C:\Users\Frank\.m2\repository\org\junit\jupiter\junit-jupiter-engine\5.8.2\junit-jupiter-engine-5.8.2.jar;C:\Users\Frank\.m2\repository\org\junit\platform\junit-platform-engine\1.8.2\junit-platform-engine-1.8.2.jar;C:\Users\Frank\.m2\repository\org\mockito\mockito-junit-jupiter\4.3.1\mockito-junit-jupiter-4.3.1.jar;C:\Users\Frank\.m2\repository\org\skyscreamer\jsonassert\1.5.0\jsonassert-1.5.0.jar;C:\Users\Frank\.m2\repository\com\vaadin\external\google\android-json\0.0.20131108.vaadin1\android-json-0.0.20131108.vaadin1.jar;C:\Users\Frank\.m2\repository\org\springframework\spring-test\5.3.15\spring-test-5.3.15.jar;C:\Users\Frank\.m2\repository\org\xmlunit\xmlunit-core\2.8.4\xmlunit-core-2.8.4.jar;C:\Users\Frank\.m2\repository\org\projectlombok\lombok\1.18.22\lombok-1.18.22.jar;C:\Users\Frank\.m2\repository\org\springframework\boot\spring-boot-starter-logging\2.6.3\spring-boot-starter-logging-2.6.3.jar;C:\Users\Frank\.m2\repository\ch\qos\logback\logback-classic\1.2.10\logback-classic-1.2.10.jar;C:\Users\Frank\.m2\repository\ch\qos\logback\logback-core\1.2.10\logback-core-1.2.10.jar;C:\Users\Frank\.m2\repository\org\apache\logging\log4j\log4j-to-slf4j\2.17.1\log4j-to-slf4j-2.17.1.jar;C:\Users\Frank\.m2\repository\org\apache\logging\log4j\log4j-api\2.17.1\log4j-api-2.17.1.jar;C:\Users\Frank\.m2\repository\org\slf4j\jul-to-slf4j\1.7.33\jul-to-slf4j-1.7.33.jar;"/>
    <property name="java.vm.vendor" value="Oracle Corporation"/>
    <property name="sun.arch.data.model" value="64"/>
    <property name="user.variant" value=""/>
    <property name="java.vendor.url" value="https://java.oracle.com/"/>
    <property name="user.timezone" value="Europe/Berlin"/>
    <property name="os.name" value="Windows 10"/>
    <property name="java.vm.specification.version" value="17"/>
    <property name="sun.java.launcher" value="SUN_STANDARD"/>
    <property name="user.country" value="DE"/>
    <property name="sun.boot.library.path" value="C:\Java\jdk-17.0.3.1\bin"/>
    <property name="sun.java.command" value="C:\Users\Frank\AppData\Local\Temp\surefire1779481811637692527\surefirebooter14336311217224989017.jar C:\Users\Frank\AppData\Local\Temp\surefire1779481811637692527 2022-06-24T10-55-29_658-jvmRun1 surefire2535058138816524214tmp surefire_07991461804176329986tmp"/>
    <property name="jdk.debug" value="release"/>
    <property name="surefire.test.class.path" value="C:\udemy\MicroSrv-Kafka-SAGA\Sources\food-ordering-system-a\order-service\order-domain\order-application-service\target\test-classes;C:\udemy\MicroSrv-Kafka-SAGA\Sources\food-ordering-system-a\order-service\order-domain\order-application-service\target\classes;C:\udemy\MicroSrv-Kafka-SAGA\Sources\food-ordering-system-a\order-service\order-domain\order-domain-core\target\order-domain-core-1.0-SNAPSHOT.jar;C:\udemy\MicroSrv-Kafka-SAGA\Sources\food-ordering-system-a\common\common-domain\target\common-domain-1.0-SNAPSHOT.jar;C:\Users\Frank\.m2\repository\org\springframework\boot\spring-boot-starter-validation\2.6.3\spring-boot-starter-validation-2.6.3.jar;C:\Users\Frank\.m2\repository\org\springframework\boot\spring-boot-starter\2.6.3\spring-boot-starter-2.6.3.jar;C:\Users\Frank\.m2\repository\org\springframework\boot\spring-boot\2.6.3\spring-boot-2.6.3.jar;C:\Users\Frank\.m2\repository\org\springframework\spring-context\5.3.15\spring-context-5.3.15.jar;C:\Users\Frank\.m2\repository\org\springframework\spring-aop\5.3.15\spring-aop-5.3.15.jar;C:\Users\Frank\.m2\repository\org\springframework\spring-expression\5.3.15\spring-expression-5.3.15.jar;C:\Users\Frank\.m2\repository\org\springframework\boot\spring-boot-autoconfigure\2.6.3\spring-boot-autoconfigure-2.6.3.jar;C:\Users\Frank\.m2\repository\jakarta\annotation\jakarta.annotation-api\1.3.5\jakarta.annotation-api-1.3.5.jar;C:\Users\Frank\.m2\repository\org\yaml\snakeyaml\1.29\snakeyaml-1.29.jar;C:\Users\Frank\.m2\repository\org\apache\tomcat\embed\tomcat-embed-el\9.0.56\tomcat-embed-el-9.0.56.jar;C:\Users\Frank\.m2\repository\org\hibernate\validator\hibernate-validator\6.2.0.Final\hibernate-validator-6.2.0.Final.jar;C:\Users\Frank\.m2\repository\jakarta\validation\jakarta.validation-api\2.0.2\jakarta.validation-api-2.0.2.jar;C:\Users\Frank\.m2\repository\org\jboss\logging\jboss-logging\3.4.3.Final\jboss-logging-3.4.3.Final.jar;C:\Users\Frank\.m2\repository\com\fasterxml\classmate\1.5.1\classmate-1.5.1.jar;C:\Users\Frank\.m2\repository\org\springframework\spring-tx\5.3.15\spring-tx-5.3.15.jar;C:\Users\Frank\.m2\repository\org\springframework\spring-beans\5.3.15\spring-beans-5.3.15.jar;C:\Users\Frank\.m2\repository\org\springframework\spring-core\5.3.15\spring-core-5.3.15.jar;C:\Users\Frank\.m2\repository\org\springframework\spring-jcl\5.3.15\spring-jcl-5.3.15.jar;C:\Users\Frank\.m2\repository\org\mockito\mockito-core\4.3.1\mockito-core-4.3.1.jar;C:\Users\Frank\.m2\repository\net\bytebuddy\byte-buddy\1.11.22\byte-buddy-1.11.22.jar;C:\Users\Frank\.m2\repository\net\bytebuddy\byte-buddy-agent\1.11.22\byte-buddy-agent-1.11.22.jar;C:\Users\Frank\.m2\repository\org\objenesis\objenesis\3.2\objenesis-3.2.jar;C:\Users\Frank\.m2\repository\org\springframework\boot\spring-boot-starter-test\2.6.3\spring-boot-starter-test-2.6.3.jar;C:\Users\Frank\.m2\repository\org\springframework\boot\spring-boot-test\2.6.3\spring-boot-test-2.6.3.jar;C:\Users\Frank\.m2\repository\org\springframework\boot\spring-boot-test-autoconfigure\2.6.3\spring-boot-test-autoconfigure-2.6.3.jar;C:\Users\Frank\.m2\repository\com\jayway\jsonpath\json-path\2.6.0\json-path-2.6.0.jar;C:\Users\Frank\.m2\repository\net\minidev\json-smart\2.4.7\json-smart-2.4.7.jar;C:\Users\Frank\.m2\repository\net\minidev\accessors-smart\2.4.7\accessors-smart-2.4.7.jar;C:\Users\Frank\.m2\repository\org\ow2\asm\asm\9.1\asm-9.1.jar;C:\Users\Frank\.m2\repository\org\slf4j\slf4j-api\1.7.33\slf4j-api-1.7.33.jar;C:\Users\Frank\.m2\repository\jakarta\xml\bind\jakarta.xml.bind-api\2.3.3\jakarta.xml.bind-api-2.3.3.jar;C:\Users\Frank\.m2\repository\jakarta\activation\jakarta.activation-api\1.2.2\jakarta.activation-api-1.2.2.jar;C:\Users\Frank\.m2\repository\org\assertj\assertj-core\3.21.0\assertj-core-3.21.0.jar;C:\Users\Frank\.m2\repository\org\hamcrest\hamcrest\2.2\hamcrest-2.2.jar;C:\Users\Frank\.m2\repository\org\junit\jupiter\junit-jupiter\5.8.2\junit-jupiter-5.8.2.jar;C:\Users\Frank\.m2\repository\org\junit\jupiter\junit-jupiter-api\5.8.2\junit-jupiter-api-5.8.2.jar;C:\Users\Frank\.m2\repository\org\opentest4j\opentest4j\1.2.0\opentest4j-1.2.0.jar;C:\Users\Frank\.m2\repository\org\junit\platform\junit-platform-commons\1.8.2\junit-platform-commons-1.8.2.jar;C:\Users\Frank\.m2\repository\org\apiguardian\apiguardian-api\1.1.2\apiguardian-api-1.1.2.jar;C:\Users\Frank\.m2\repository\org\junit\jupiter\junit-jupiter-params\5.8.2\junit-jupiter-params-5.8.2.jar;C:\Users\Frank\.m2\repository\org\junit\jupiter\junit-jupiter-engine\5.8.2\junit-jupiter-engine-5.8.2.jar;C:\Users\Frank\.m2\repository\org\junit\platform\junit-platform-engine\1.8.2\junit-platform-engine-1.8.2.jar;C:\Users\Frank\.m2\repository\org\mockito\mockito-junit-jupiter\4.3.1\mockito-junit-jupiter-4.3.1.jar;C:\Users\Frank\.m2\repository\org\skyscreamer\jsonassert\1.5.0\jsonassert-1.5.0.jar;C:\Users\Frank\.m2\repository\com\vaadin\external\google\android-json\0.0.20131108.vaadin1\android-json-0.0.20131108.vaadin1.jar;C:\Users\Frank\.m2\repository\org\springframework\spring-test\5.3.15\spring-test-5.3.15.jar;C:\Users\Frank\.m2\repository\org\xmlunit\xmlunit-core\2.8.4\xmlunit-core-2.8.4.jar;C:\Users\Frank\.m2\repository\org\projectlombok\lombok\1.18.22\lombok-1.18.22.jar;C:\Users\Frank\.m2\repository\org\springframework\boot\spring-boot-starter-logging\2.6.3\spring-boot-starter-logging-2.6.3.jar;C:\Users\Frank\.m2\repository\ch\qos\logback\logback-classic\1.2.10\logback-classic-1.2.10.jar;C:\Users\Frank\.m2\repository\ch\qos\logback\logback-core\1.2.10\logback-core-1.2.10.jar;C:\Users\Frank\.m2\repository\org\apache\logging\log4j\log4j-to-slf4j\2.17.1\log4j-to-slf4j-2.17.1.jar;C:\Users\Frank\.m2\repository\org\apache\logging\log4j\log4j-api\2.17.1\log4j-api-2.17.1.jar;C:\Users\Frank\.m2\repository\org\slf4j\jul-to-slf4j\1.7.33\jul-to-slf4j-1.7.33.jar;"/>
    <property name="sun.cpu.endian" value="little"/>
    <property name="user.home" value="C:\Users\Frank"/>
    <property name="user.language" value="de"/>
    <property name="java.specification.vendor" value="Oracle Corporation"/>
    <property name="java.version.date" value="2022-04-22"/>
    <property name="java.home" value="C:\Java\jdk-17.0.3.1"/>
    <property name="file.separator" value="\"/>
    <property name="basedir" value="C:\udemy\MicroSrv-Kafka-SAGA\Sources\food-ordering-system-a\order-service\order-domain\order-application-service"/>
    <property name="java.vm.compressedOopsMode" value="Zero based"/>
    <property name="line.separator" value="&#10;"/>
    <property name="java.vm.specification.vendor" value="Oracle Corporation"/>
    <property name="java.specification.name" value="Java Platform API Specification"/>
    <property name="surefire.real.class.path" value="C:\Users\Frank\AppData\Local\Temp\surefire1779481811637692527\surefirebooter14336311217224989017.jar"/>
    <property name="user.script" value=""/>
    <property name="sun.management.compiler" value="HotSpot 64-Bit Tiered Compilers"/>
    <property name="java.runtime.version" value="17.0.3.1+2-LTS-6"/>
    <property name="user.name" value="Frank"/>
    <property name="path.separator" value=";"/>
    <property name="os.version" value="10.0"/>
    <property name="java.runtime.name" value="Java(TM) SE Runtime Environment"/>
    <property name="file.encoding" value="Cp1252"/>
    <property name="java.vm.name" value="Java HotSpot(TM) 64-Bit Server VM"/>
    <property name="localRepository" value="C:\Users\Frank\.m2\repository"/>
    <property name="java.vendor.url.bug" value="https://bugreport.java.com/bugreport/"/>
    <property name="java.io.tmpdir" value="C:\Users\Frank\AppData\Local\Temp\"/>
    <property name="java.version" value="17.0.3.1"/>
    <property name="user.dir" value="C:\udemy\MicroSrv-Kafka-SAGA\Sources\food-ordering-system-a\order-service\order-domain\order-application-service"/>
    <property name="os.arch" value="amd64"/>
    <property name="java.vm.specification.name" value="Java Virtual Machine Specification"/>
    <property name="sun.os.patch.level" value=""/>
    <property name="native.encoding" value="Cp1252"/>
    <property name="java.library.path" value="C:\Java\jdk-17.0.3.1\bin;C:\WINDOWS\Sun\Java\bin;C:\WINDOWS\system32;C:\WINDOWS;C:/Java/jdk-17.0.3.1/bin/server;C:/Java/jdk-17.0.3.1/bin;C:\Program Files\Common Files\Oracle\Java\javapath;C:\Program Files\Microsoft\jdk-11.0.12.7-hotspot\bin;C:\ProgramData\Anaconda3\pkgs\python-3.7.4-h5263a28_0;C:\ProgramData\Anaconda3\pkgs\python-3.7.4-h5263a28_0\Scripts;C:\Program Files (x86)\Common Files\Oracle\Java\javapath;C:\Program Files (x86)\Razer Chroma SDK\bin;C:\Program Files\Razer Chroma SDK\bin;C:\WINDOWS\system32;C:\WINDOWS;C:\WINDOWS\System32\Wbem;C:\WINDOWS\System32\WindowsPowerShell\v1.0\;C:\Users\Frank\AppData\Local\Microsoft\WindowsApps;C:\Program Files (x86)\Subversion\bin;C:\WINDOWS\system32;C:\WINDOWS;C:\WINDOWS\System32\Wbem;C:\WINDOWS\System32\WindowsPowerShell\v1.0\;C:\ProgramNoInstall\protec\bin;&quot;C:\Java\jdk-17.0.3.1;&quot;;C:\Program Files\DevelopmentSuite\jdk8\bin;C:\WINDOWS\System32\OpenSSH\;C:\Program Files\TortoiseSVN\bin;C:\Program Files\MySQL\MySQL Server 8.0\bin;C:\Program Files (x86)\Windows Live\Shared;C:\ProgramNoInstall\apache-maven-3.8.5\bin;C:\Java\jdk-17.0.3.1\bin;C:\ProgramNoInstall\Gradle\gradle-6.5\bin;C:\ProgramData\Anaconda3;C:\Program Files\Microsoft SQL Server\150\Tools\Binn\;C:\Program Files\Microsoft SQL Server\Client SDK\ODBC\170\Tools\Binn\;C:\Program Files\dotnet\;C:\Program Files (x86)\dotnet\;C:\Program Files\Docker\Docker\resources\bin;C:\ProgramData\DockerDesktop\version-bin;C:\Program Files\Git\cmd;C:\Program Files\Graphviz\bin;C:\Program Files\MySQL\MySQL Shell 8.0\bin\;C:\Users\Frank\AppData\Local\Microsoft\WindowsApps;C:\Program Files (x86)\Sophos\Sophos SSL VPN Client\bin;C:\Users\Frank\AppData\Local\GitHubDesktop\bin;C:\Users\Frank\AppData\Local\Microsoft\WindowsApps;C:\ProgramNoInstall\PyCharm-CEd_2019.3.3\bin;;C:\Program Files\JetBrains\IntelliJ_IDEA_2020.1.1\bin;;C:\Users\Frank\.dotnet\tools;C:\Program Files\JetBrains\IntelliJ IDEA Community Edition 2022.1.2\bin;;C:\ProgramNoInstall\eclipse\jee-2022-03;;."/>
    <property name="java.vm.info" value="mixed mode, sharing"/>
    <property name="java.vendor" value="Oracle Corporation"/>
    <property name="java.vm.version" value="17.0.3.1+2-LTS-6"/>
    <property name="sun.io.unicode.encoding" value="UnicodeLittle"/>
    <property name="java.class.version" value="61.0"/>
  </properties>
  <testcase name="testCreateOrderWithWrongTotalPrice" classname="com.food.ordering.system.order.service.domain.OrderApplicationServiceTest" time="0.277"/>
  <testcase name="testCreateOrder" classname="com.food.ordering.system.order.service.domain.OrderApplicationServiceTest" time="0.078"/>
  <testcase name="testCreateOrderWithWrongProductPrice" classname="com.food.ordering.system.order.service.domain.OrderApplicationServiceTest" time="0"/>
  <testcase name="testCreateOrderWithPassiveRestaurant" classname="com.food.ordering.system.order.service.domain.OrderApplicationServiceTest" time="0"/>
</testsuite>